<?xml version="1.0" encoding="UTF-8"?>
<testng-results skipped="0" failed="0" ignored="0" total="9" passed="9">
  <reporter-output>
  </reporter-output>
  <suite name="Suite" duration-ms="266" started-at="2021-02-20T05:56:20Z" finished-at="2021-02-20T05:56:20Z">
    <groups>
    </groups>
    <test name="Test" duration-ms="125" started-at="2021-02-20T05:56:20Z" finished-at="2021-02-20T05:56:20Z">
      <class name="main.org.Sample2">
        <test-method status="PASS" signature="test0()[pri:0, instance:main.org.Sample2@ae45eb6]" name="test0" duration-ms="31" started-at="2021-02-20T05:56:20Z" finished-at="2021-02-20T05:56:20Z">
          <reporter-output>
          </reporter-output>
        </test-method> <!-- test0 -->
        <test-method status="PASS" signature="test1()[pri:0, instance:main.org.Sample2@ae45eb6]" name="test1" duration-ms="0" started-at="2021-02-20T05:56:20Z" finished-at="2021-02-20T05:56:20Z">
          <reporter-output>
          </reporter-output>
        </test-method> <!-- test1 -->
        <test-method status="PASS" signature="test2()[pri:0, instance:main.org.Sample2@ae45eb6]" name="test2" duration-ms="0" started-at="2021-02-20T05:56:20Z" finished-at="2021-02-20T05:56:20Z">
          <reporter-output>
          </reporter-output>
        </test-method> <!-- test2 -->
      </class> <!-- main.org.Sample2 -->
    </test> <!-- Test -->
    <test name="Test1" duration-ms="142" started-at="2021-02-20T05:56:20Z" finished-at="2021-02-20T05:56:20Z">
      <class name="main.org.Sample2">
        <test-method status="PASS" signature="test0()[pri:0, instance:main.org.Sample2@13deb50e]" name="test0" duration-ms="47" started-at="2021-02-20T05:56:20Z" finished-at="2021-02-20T05:56:20Z">
          <reporter-output>
          </reporter-output>
        </test-method> <!-- test0 -->
        <test-method status="PASS" signature="test1()[pri:0, instance:main.org.Sample2@13deb50e]" name="test1" duration-ms="0" started-at="2021-02-20T05:56:20Z" finished-at="2021-02-20T05:56:20Z">
          <reporter-output>
          </reporter-output>
        </test-method> <!-- test1 -->
        <test-method status="PASS" signature="test2()[pri:0, instance:main.org.Sample2@13deb50e]" name="test2" duration-ms="16" started-at="2021-02-20T05:56:20Z" finished-at="2021-02-20T05:56:20Z">
          <reporter-output>
          </reporter-output>
        </test-method> <!-- test2 -->
      </class> <!-- main.org.Sample2 -->
    </test> <!-- Test1 -->
    <test name="Test2" duration-ms="31" started-at="2021-02-20T05:56:20Z" finished-at="2021-02-20T05:56:20Z">
      <class name="main.org.Sample2">
        <test-method status="PASS" signature="test0()[pri:0, instance:main.org.Sample2@14bf9759]" name="test0" duration-ms="15" started-at="2021-02-20T05:56:20Z" finished-at="2021-02-20T05:56:20Z">
          <reporter-output>
          </reporter-output>
        </test-method> <!-- test0 -->
        <test-method status="PASS" signature="test2()[pri:0, instance:main.org.Sample2@14bf9759]" name="test2" duration-ms="16" started-at="2021-02-20T05:56:20Z" finished-at="2021-02-20T05:56:20Z">
          <reporter-output>
          </reporter-output>
        </test-method> <!-- test2 -->
        <test-method status="PASS" signature="test1()[pri:0, instance:main.org.Sample2@14bf9759]" name="test1" duration-ms="0" started-at="2021-02-20T05:56:20Z" finished-at="2021-02-20T05:56:20Z">
          <reporter-output>
          </reporter-output>
        </test-method> <!-- test1 -->
      </class> <!-- main.org.Sample2 -->
    </test> <!-- Test2 -->
  </suite> <!-- Suite -->
</testng-results>
